<?xml version="1.0" encoding="UTF-8"?>
<!-- Generated by org.testng.reporters.JUnitReportReporter -->
<testsuite hostname="CHN1-LHP-N62804" failures="0" tests="2" name="demo.LoginApp_Test" time="5.150" errors="0" timestamp="2022-04-13T15:44:03 IST" skipped="0">
  <testcase classname="demo.LoginApp_Test" name="testlogin" time="4.510"/>
  <system-out/>
  <testcase classname="demo.LoginApp_Test" name="testlogout" time="0.640"/>
  <system-out/>
</testsuite> <!-- demo.LoginApp_Test -->
